# JRE version: OpenJDK Runtime Environment (8.0_152-b01) (build 1.8.0_152-release-1248-b01)
# Java VM: OpenJDK 64-Bit Server VM (25.152-b01 mixed mode windows-amd64 compressed oops)
Heap:
 PSYoungGen      total 254464K, used 2885K [0x00000000e0000000, 0x00000000f3f80000, 0x0000000100000000)
  eden space 227840K, 0% used [0x00000000e0000000,0x00000000e0000000,0x00000000ede80000)
  from space 26624K, 10% used [0x00000000f2580000,0x00000000f28515c0,0x00000000f3f80000)
  to   space 24064K, 0% used [0x00000000ede80000,0x00000000ede80000,0x00000000ef600000)
 ParOldGen       total 107520K, used 53429K [0x00000000a0000000, 0x00000000a6900000, 0x00000000e0000000)
  object space 107520K, 49% used [0x00000000a0000000,0x00000000a342d580,0x00000000a6900000)
 Metaspace       used 79084K, capacity 81900K, committed 82048K, reserved 1126400K
  class space    used 10253K, capacity 10851K, committed 10880K, reserved 1048576K
GC Heap History (10 events):
Event: 38.015 GC heap after
Heap after GC invocations=28 (full 4):
 PSYoungGen      total 211456K, used 2863K [0x00000000e0000000, 0x00000000ef600000, 0x0000000100000000)
  eden space 186880K, 0% used [0x00000000e0000000,0x00000000e0000000,0x00000000eb680000)
  from space 24576K, 11% used [0x00000000ece80000,0x00000000ed14bc70,0x00000000ee680000)
  to   space 24576K, 0% used [0x00000000eb680000,0x00000000eb680000,0x00000000ece80000)
 ParOldGen       total 107520K, used 35912K [0x00000000a0000000, 0x00000000a6900000, 0x00000000e0000000)
  object space 107520K, 33% used [0x00000000a0000000,0x00000000a23122f0,0x00000000a6900000)
 Metaspace       used 71085K, capacity 73612K, committed 73856K, reserved 1114112K
  class space    used 9451K, capacity 9997K, committed 10112K, reserved 1048576K
}
Event: 38.065 GC heap before
{Heap before GC invocations=29 (full 4):
 PSYoungGen      total 211456K, used 188996K [0x00000000e0000000, 0x00000000ef600000, 0x0000000100000000)
  eden space 186880K, 99% used [0x00000000e0000000,0x00000000eb5c54d0,0x00000000eb680000)
  from space 24576K, 11% used [0x00000000ece80000,0x00000000ed14bc70,0x00000000ee680000)
  to   space 24576K, 0% used [0x00000000eb680000,0x00000000eb680000,0x00000000ece80000)
 ParOldGen       total 107520K, used 35912K [0x00000000a0000000, 0x00000000a6900000, 0x00000000e0000000)
  object space 107520K, 33% used [0x00000000a0000000,0x00000000a23122f0,0x00000000a6900000)
 Metaspace       used 71091K, capacity 73612K, committed 73856K, reserved 1114112K
  class space    used 9451K, capacity 9997K, committed 10112K, reserved 1048576K
Event: 38.069 GC heap after
Heap after GC invocations=29 (full 4):
 PSYoungGen      total 211456K, used 64K [0x00000000e0000000, 0x00000000f0e00000, 0x0000000100000000)
  eden space 186880K, 0% used [0x00000000e0000000,0x00000000e0000000,0x00000000eb680000)
  from space 24576K, 0% used [0x00000000eb680000,0x00000000eb690000,0x00000000ece80000)
  to   space 24064K, 0% used [0x00000000ef680000,0x00000000ef680000,0x00000000f0e00000)
 ParOldGen       total 107520K, used 38425K [0x00000000a0000000, 0x00000000a6900000, 0x00000000e0000000)
  object space 107520K, 35% used [0x00000000a0000000,0x00000000a25867e0,0x00000000a6900000)
 Metaspace       used 71091K, capacity 73612K, committed 73856K, reserved 1114112K
  class space    used 9451K, capacity 9997K, committed 10112K, reserved 1048576K
}
Event: 38.111 GC heap before
{Heap before GC invocations=30 (full 4):
 PSYoungGen      total 211456K, used 186015K [0x00000000e0000000, 0x00000000f0e00000, 0x0000000100000000)
  eden space 186880K, 99% used [0x00000000e0000000,0x00000000eb597f08,0x00000000eb680000)
  from space 24576K, 0% used [0x00000000eb680000,0x00000000eb690000,0x00000000ece80000)
  to   space 24064K, 0% used [0x00000000ef680000,0x00000000ef680000,0x00000000f0e00000)
 ParOldGen       total 107520K, used 38425K [0x00000000a0000000, 0x00000000a6900000, 0x00000000e0000000)
  object space 107520K, 35% used [0x00000000a0000000,0x00000000a25867e0,0x00000000a6900000)
 Metaspace       used 71091K, capacity 73612K, committed 73856K, reserved 1114112K
  class space    used 9451K, capacity 9997K, committed 10112K, reserved 1048576K
Event: 38.113 GC heap after
Heap after GC invocations=30 (full 4):
 PSYoungGen      total 251392K, used 96K [0x00000000e0000000, 0x00000000f0d80000, 0x0000000100000000)
  eden space 227840K, 0% used [0x00000000e0000000,0x00000000e0000000,0x00000000ede80000)
  from space 23552K, 0% used [0x00000000ef680000,0x00000000ef698000,0x00000000f0d80000)
  to   space 24064K, 0% used [0x00000000ede80000,0x00000000ede80000,0x00000000ef600000)
 ParOldGen       total 107520K, used 38457K [0x00000000a0000000, 0x00000000a6900000, 0x00000000e0000000)
  object space 107520K, 35% used [0x00000000a0000000,0x00000000a258e7e0,0x00000000a6900000)
 Metaspace       used 71091K, capacity 73612K, committed 73856K, reserved 1114112K
  class space    used 9451K, capacity 9997K, committed 10112K, reserved 1048576K
}
Event: 1294.078 GC heap before
{Heap before GC invocations=31 (full 4):
 PSYoungGen      total 251392K, used 227936K [0x00000000e0000000, 0x00000000f0d80000, 0x0000000100000000)
  eden space 227840K, 100% used [0x00000000e0000000,0x00000000ede80000,0x00000000ede80000)
  from space 23552K, 0% used [0x00000000ef680000,0x00000000ef698000,0x00000000f0d80000)
  to   space 24064K, 0% used [0x00000000ede80000,0x00000000ede80000,0x00000000ef600000)
 ParOldGen       total 107520K, used 38457K [0x00000000a0000000, 0x00000000a6900000, 0x00000000e0000000)
  object space 107520K, 35% used [0x00000000a0000000,0x00000000a258e7e0,0x00000000a6900000)
 Metaspace       used 77275K, capacity 80136K, committed 80384K, reserved 1118208K
  class space    used 10077K, capacity 10689K, committed 10752K, reserved 1048576K
Event: 1294.151 GC heap after
Heap after GC invocations=31 (full 4):
 PSYoungGen      total 251904K, used 18812K [0x00000000e0000000, 0x00000000f3f80000, 0x0000000100000000)
  eden space 227840K, 0% used [0x00000000e0000000,0x00000000e0000000,0x00000000ede80000)
  from space 24064K, 78% used [0x00000000ede80000,0x00000000ef0df0c0,0x00000000ef600000)
  to   space 26624K, 0% used [0x00000000f2580000,0x00000000f2580000,0x00000000f3f80000)
 ParOldGen       total 107520K, used 38489K [0x00000000a0000000, 0x00000000a6900000, 0x00000000e0000000)
  object space 107520K, 35% used [0x00000000a0000000,0x00000000a25967e0,0x00000000a6900000)
 Metaspace       used 77275K, capacity 80136K, committed 80384K, reserved 1118208K
  class space    used 10077K, capacity 10689K, committed 10752K, reserved 1048576K
}
Event: 1294.444 GC heap before
{Heap before GC invocations=32 (full 4):
 PSYoungGen      total 251904K, used 35713K [0x00000000e0000000, 0x00000000f3f80000, 0x0000000100000000)
  eden space 227840K, 7% used [0x00000000e0000000,0x00000000e1081640,0x00000000ede80000)
  from space 24064K, 78% used [0x00000000ede80000,0x00000000ef0df0c0,0x00000000ef600000)
  to   space 26624K, 0% used [0x00000000f2580000,0x00000000f2580000,0x00000000f3f80000)
 ParOldGen       total 107520K, used 38489K [0x00000000a0000000, 0x00000000a6900000, 0x00000000e0000000)
  object space 107520K, 35% used [0x00000000a0000000,0x00000000a25967e0,0x00000000a6900000)
 Metaspace       used 79084K, capacity 81900K, committed 82048K, reserved 1126400K
  class space    used 10253K, capacity 10851K, committed 10880K, reserved 1048576K
Event: 1294.499 GC heap after
Heap after GC invocations=32 (full 4):
 PSYoungGen      total 254464K, used 2885K [0x00000000e0000000, 0x00000000f3f80000, 0x0000000100000000)
  eden space 227840K, 0% used [0x00000000e0000000,0x00000000e0000000,0x00000000ede80000)
  from space 26624K, 10% used [0x00000000f2580000,0x00000000f28515c0,0x00000000f3f80000)
  to   space 24064K, 0% used [0x00000000ede80000,0x00000000ede80000,0x00000000ef600000)
 ParOldGen       total 107520K, used 53429K [0x00000000a0000000, 0x00000000a6900000, 0x00000000e0000000)
  object space 107520K, 49% used [0x00000000a0000000,0x00000000a342d580,0x00000000a6900000)
 Metaspace       used 79084K, capacity 81900K, committed 82048K, reserved 1126400K
  class space    used 10253K, capacity 10851K, committed 10880K, reserved 1048576K
}
Event: 1294.499 GC heap before
{Heap before GC invocations=33 (full 5):
 PSYoungGen      total 254464K, used 2885K [0x00000000e0000000, 0x00000000f3f80000, 0x0000000100000000)
  eden space 227840K, 0% used [0x00000000e0000000,0x00000000e0000000,0x00000000ede80000)
  from space 26624K, 10% used [0x00000000f2580000,0x00000000f28515c0,0x00000000f3f80000)
  to   space 24064K, 0% used [0x00000000ede80000,0x00000000ede80000,0x00000000ef600000)
 ParOldGen       total 107520K, used 53429K [0x00000000a0000000, 0x00000000a6900000, 0x00000000e0000000)
  object space 107520K, 49% used [0x00000000a0000000,0x00000000a342d580,0x00000000a6900000)
 Metaspace       used 79084K, capacity 81900K, committed 82048K, reserved 1126400K
  class space    used 10253K, capacity 10851K, committed 10880K, reserved 1048576K

