# JRE version: OpenJDK Runtime Environment (8.0_152-b01) (build 1.8.0_152-release-1248-b01)
# Java VM: OpenJDK 64-Bit Server VM (25.152-b01 mixed mode windows-amd64 compressed oops)
Heap:
 PSYoungGen      total 339456K, used 221631K [0x00000000e0000000, 0x00000000f9b80000, 0x0000000100000000)
  eden space 259584K, 80% used [0x00000000e0000000,0x00000000eccaa8c0,0x00000000efd80000)
  from space 79872K, 15% used [0x00000000efd80000,0x00000000f0945628,0x00000000f4b80000)
  to   space 64000K, 0% used [0x00000000f5d00000,0x00000000f5d00000,0x00000000f9b80000)
 ParOldGen       total 136192K, used 72156K [0x00000000a0000000, 0x00000000a8500000, 0x00000000e0000000)
  object space 136192K, 52% used [0x00000000a0000000,0x00000000a46771f8,0x00000000a8500000)
 Metaspace       used 93410K, capacity 97422K, committed 99328K, reserved 1136640K
  class space    used 11632K, capacity 12380K, committed 12800K, reserved 1048576K
GC Heap History (10 events):
Event: 9887.298 GC heap before
{Heap before GC invocations=45 (full 4):
 PSYoungGen      total 334848K, used 274788K [0x00000000e0000000, 0x00000000f9980000, 0x0000000100000000)
  eden space 259584K, 100% used [0x00000000e0000000,0x00000000efd80000,0x00000000efd80000)
  from space 75264K, 20% used [0x00000000f5000000,0x00000000f5ed9128,0x00000000f9980000)
  to   space 79872K, 0% used [0x00000000efd80000,0x00000000efd80000,0x00000000f4b80000)
 ParOldGen       total 136192K, used 64375K [0x00000000a0000000, 0x00000000a8500000, 0x00000000e0000000)
  object space 136192K, 47% used [0x00000000a0000000,0x00000000a3edde78,0x00000000a8500000)
 Metaspace       used 92400K, capacity 96368K, committed 98432K, reserved 1134592K
  class space    used 11526K, capacity 12273K, committed 12672K, reserved 1048576K
Event: 9887.317 GC heap after
Heap after GC invocations=45 (full 4):
 PSYoungGen      total 339456K, used 10765K [0x00000000e0000000, 0x00000000f9980000, 0x0000000100000000)
  eden space 259584K, 0% used [0x00000000e0000000,0x00000000e0000000,0x00000000efd80000)
  from space 79872K, 13% used [0x00000000efd80000,0x00000000f0803528,0x00000000f4b80000)
  to   space 75264K, 0% used [0x00000000f5000000,0x00000000f5000000,0x00000000f9980000)
 ParOldGen       total 136192K, used 69729K [0x00000000a0000000, 0x00000000a8500000, 0x00000000e0000000)
  object space 136192K, 51% used [0x00000000a0000000,0x00000000a4418668,0x00000000a8500000)
 Metaspace       used 92400K, capacity 96368K, committed 98432K, reserved 1134592K
  class space    used 11526K, capacity 12273K, committed 12672K, reserved 1048576K
}
Event: 9888.680 GC heap before
{Heap before GC invocations=46 (full 4):
 PSYoungGen      total 339456K, used 270349K [0x00000000e0000000, 0x00000000f9980000, 0x0000000100000000)
  eden space 259584K, 100% used [0x00000000e0000000,0x00000000efd80000,0x00000000efd80000)
  from space 79872K, 13% used [0x00000000efd80000,0x00000000f0803528,0x00000000f4b80000)
  to   space 75264K, 0% used [0x00000000f5000000,0x00000000f5000000,0x00000000f9980000)
 ParOldGen       total 136192K, used 69729K [0x00000000a0000000, 0x00000000a8500000, 0x00000000e0000000)
  object space 136192K, 51% used [0x00000000a0000000,0x00000000a4418668,0x00000000a8500000)
 Metaspace       used 92422K, capacity 96368K, committed 98432K, reserved 1134592K
  class space    used 11526K, capacity 12273K, committed 12672K, reserved 1048576K
Event: 9888.697 GC heap after
Heap after GC invocations=46 (full 4):
 PSYoungGen      total 334848K, used 8167K [0x00000000e0000000, 0x00000000f9980000, 0x0000000100000000)
  eden space 259584K, 0% used [0x00000000e0000000,0x00000000e0000000,0x00000000efd80000)
  from space 75264K, 10% used [0x00000000f5000000,0x00000000f57f9f78,0x00000000f9980000)
  to   space 79872K, 0% used [0x00000000efd80000,0x00000000efd80000,0x00000000f4b80000)
 ParOldGen       total 136192K, used 72009K [0x00000000a0000000, 0x00000000a8500000, 0x00000000e0000000)
  object space 136192K, 52% used [0x00000000a0000000,0x00000000a4652678,0x00000000a8500000)
 Metaspace       used 92422K, capacity 96368K, committed 98432K, reserved 1134592K
  class space    used 11526K, capacity 12273K, committed 12672K, reserved 1048576K
}
Event: 9890.490 GC heap before
{Heap before GC invocations=47 (full 4):
 PSYoungGen      total 334848K, used 267751K [0x00000000e0000000, 0x00000000f9980000, 0x0000000100000000)
  eden space 259584K, 100% used [0x00000000e0000000,0x00000000efd80000,0x00000000efd80000)
  from space 75264K, 10% used [0x00000000f5000000,0x00000000f57f9f78,0x00000000f9980000)
  to   space 79872K, 0% used [0x00000000efd80000,0x00000000efd80000,0x00000000f4b80000)
 ParOldGen       total 136192K, used 72009K [0x00000000a0000000, 0x00000000a8500000, 0x00000000e0000000)
  object space 136192K, 52% used [0x00000000a0000000,0x00000000a4652678,0x00000000a8500000)
 Metaspace       used 92439K, capacity 96368K, committed 98432K, reserved 1134592K
  class space    used 11526K, capacity 12273K, committed 12672K, reserved 1048576K
Event: 9890.508 GC heap after
Heap after GC invocations=47 (full 4):
 PSYoungGen      total 339456K, used 8237K [0x00000000e0000000, 0x00000000f9980000, 0x0000000100000000)
  eden space 259584K, 0% used [0x00000000e0000000,0x00000000e0000000,0x00000000efd80000)
  from space 79872K, 10% used [0x00000000efd80000,0x00000000f058b630,0x00000000f4b80000)
  to   space 75264K, 0% used [0x00000000f5000000,0x00000000f5000000,0x00000000f9980000)
 ParOldGen       total 136192K, used 72041K [0x00000000a0000000, 0x00000000a8500000, 0x00000000e0000000)
  object space 136192K, 52% used [0x00000000a0000000,0x00000000a465a678,0x00000000a8500000)
 Metaspace       used 92439K, capacity 96368K, committed 98432K, reserved 1134592K
  class space    used 11526K, capacity 12273K, committed 12672K, reserved 1048576K
}
Event: 9892.053 GC heap before
{Heap before GC invocations=48 (full 4):
 PSYoungGen      total 339456K, used 267821K [0x00000000e0000000, 0x00000000f9980000, 0x0000000100000000)
  eden space 259584K, 100% used [0x00000000e0000000,0x00000000efd80000,0x00000000efd80000)
  from space 79872K, 10% used [0x00000000efd80000,0x00000000f058b630,0x00000000f4b80000)
  to   space 75264K, 0% used [0x00000000f5000000,0x00000000f5000000,0x00000000f9980000)
 ParOldGen       total 136192K, used 72041K [0x00000000a0000000, 0x00000000a8500000, 0x00000000e0000000)
  object space 136192K, 52% used [0x00000000a0000000,0x00000000a465a678,0x00000000a8500000)
 Metaspace       used 92465K, capacity 96436K, committed 98432K, reserved 1134592K
  class space    used 11526K, capacity 12273K, committed 12672K, reserved 1048576K
Event: 9892.058 GC heap after
Heap after GC invocations=48 (full 4):
 PSYoungGen      total 334848K, used 1048K [0x00000000e0000000, 0x00000000f9980000, 0x0000000100000000)
  eden space 259584K, 0% used [0x00000000e0000000,0x00000000e0000000,0x00000000efd80000)
  from space 75264K, 1% used [0x00000000f5000000,0x00000000f51063b0,0x00000000f9980000)
  to   space 79872K, 0% used [0x00000000efd80000,0x00000000efd80000,0x00000000f4b80000)
 ParOldGen       total 136192K, used 72081K [0x00000000a0000000, 0x00000000a8500000, 0x00000000e0000000)
  object space 136192K, 52% used [0x00000000a0000000,0x00000000a4664678,0x00000000a8500000)
 Metaspace       used 92465K, capacity 96436K, committed 98432K, reserved 1134592K
  class space    used 11526K, capacity 12273K, committed 12672K, reserved 1048576K
}
Event: 9893.501 GC heap before
{Heap before GC invocations=49 (full 4):
 PSYoungGen      total 334848K, used 260632K [0x00000000e0000000, 0x00000000f9980000, 0x0000000100000000)
  eden space 259584K, 100% used [0x00000000e0000000,0x00000000efd80000,0x00000000efd80000)
  from space 75264K, 1% used [0x00000000f5000000,0x00000000f51063b0,0x00000000f9980000)
  to   space 79872K, 0% used [0x00000000efd80000,0x00000000efd80000,0x00000000f4b80000)
 ParOldGen       total 136192K, used 72081K [0x00000000a0000000, 0x00000000a8500000, 0x00000000e0000000)
  object space 136192K, 52% used [0x00000000a0000000,0x00000000a4664678,0x00000000a8500000)
 Metaspace       used 92729K, capacity 96708K, committed 98688K, reserved 1134592K
  class space    used 11561K, capacity 12315K, committed 12672K, reserved 1048576K
Event: 9893.515 GC heap after
Heap after GC invocations=49 (full 4):
 PSYoungGen      total 339456K, used 12053K [0x00000000e0000000, 0x00000000f9b80000, 0x0000000100000000)
  eden space 259584K, 0% used [0x00000000e0000000,0x00000000e0000000,0x00000000efd80000)
  from space 79872K, 15% used [0x00000000efd80000,0x00000000f0945628,0x00000000f4b80000)
  to   space 64000K, 0% used [0x00000000f5d00000,0x00000000f5d00000,0x00000000f9b80000)
 ParOldGen       total 136192K, used 72156K [0x00000000a0000000, 0x00000000a8500000, 0x00000000e0000000)
  object space 136192K, 52% used [0x00000000a0000000,0x00000000a46771f8,0x00000000a8500000)
 Metaspace       used 92729K, capacity 96708K, committed 98688K, reserved 1134592K
  class space    used 11561K, capacity 12315K, committed 12672K, reserved 1048576K
}

